*******************************************************************************************
~=~=~=~=~=~=~=~=~=~=~=~=~=~=~=~=~=~=~=~=~=~=~=~=~=~=~=~=~=~=~=~=~=~=~=~=~=~=~=~=~=~=~=~=~=~
|
| Walppaperwide - Auto Downloaded
|
~=~=~=~=~=~=~=~=~=~=~=~=~=~=~=~=~=~=~=~=~=~=~=~=~=~=~=~=~=~=~=~=~=~=~=~=~=~=~=~=~=~=~=~=~=~
*******************************************************************************************
28-Aug-2019 18:44:26 - Start - Processing Page 1
28-Aug-2019 18:44:26 - Start - Master URL: http://wallpaperswide.com/seasons-desktop-wallpapers.html/
28-Aug-2019 18:44:29 - DownloadFile - Downloading http://wallpaperswide.com/download/spring_cherry_blossom_in_a_glass_bottle-wallpaper-3840x2160.jpg ...
28-Aug-2019 18:44:32 - DownloadFile - Downloading http://wallpaperswide.com/download/oak_tree_3-wallpaper-3840x2160.jpg ...
28-Aug-2019 18:44:36 - DownloadFile - Downloading http://wallpaperswide.com/download/japanese_cherry_blossom-wallpaper-3840x2160.jpg ...
28-Aug-2019 18:44:37 - DownloadFile - Downloading http://wallpaperswide.com/download/springtime_tulips_flowers-wallpaper-3840x2160.jpg ...
28-Aug-2019 18:44:40 - DownloadFile - Downloading http://wallpaperswide.com/download/autumn_symetric_drone_shot-wallpaper-3840x2160.jpg ...
28-Aug-2019 18:44:45 - DownloadFile - Downloading http://wallpaperswide.com/download/misty_forest_road_autumn-wallpaper-3840x2160.jpg ...
28-Aug-2019 18:44:49 - DownloadFile - Downloading http://wallpaperswide.com/download/japanese_cherry_blossom_blue_sky_springtime-wallpaper-3840x2160.jpg ...
28-Aug-2019 18:44:50 - DownloadFile - Downloading http://wallpaperswide.com/download/armenia_syunik_vachagan_hayk-wallpaper-3840x2160.jpg ...
28-Aug-2019 18:44:53 - Start - Processing Page 2 of 359
28-Aug-2019 18:44:53 - Start - Master URL: http://wallpaperswide.com/seasons-desktop-wallpapers.html/2
28-Aug-2019 18:44:54 - DownloadFile - Downloading http://wallpaperswide.com/download/spring_cherry_blossom_in_a_glass_bottle-wallpaper-3840x2160.jpg ...
28-Aug-2019 18:44:55 - DownloadFile - Downloading http://wallpaperswide.com/download/oak_tree_3-wallpaper-3840x2160.jpg ...
28-Aug-2019 18:44:57 - DownloadFile - Downloading http://wallpaperswide.com/download/japanese_cherry_blossom-wallpaper-3840x2160.jpg ...
28-Aug-2019 18:44:58 - DownloadFile - Downloading http://wallpaperswide.com/download/springtime_tulips_flowers-wallpaper-3840x2160.jpg ...
28-Aug-2019 18:44:59 - DownloadFile - Downloading http://wallpaperswide.com/download/autumn_symetric_drone_shot-wallpaper-3840x2160.jpg ...
28-Aug-2019 18:45:04 - DownloadFile - Downloading http://wallpaperswide.com/download/misty_forest_road_autumn-wallpaper-3840x2160.jpg ...
28-Aug-2019 18:45:06 - DownloadFile - Downloading http://wallpaperswide.com/download/japanese_cherry_blossom_blue_sky_springtime-wallpaper-3840x2160.jpg ...
28-Aug-2019 18:45:08 - DownloadFile - Downloading http://wallpaperswide.com/download/armenia_syunik_vachagan_hayk-wallpaper-3840x2160.jpg ...
28-Aug-2019 18:45:20 - Start - Processing Page 3 of 359
28-Aug-2019 18:45:20 - Start - Master URL: http://wallpaperswide.com/seasons-desktop-wallpapers.html/3
28-Aug-2019 18:45:20 - DownloadFile - Downloading http://wallpaperswide.com/download/spring_cherry_blossom_in_a_glass_bottle-wallpaper-3840x2160.jpg ...
28-Aug-2019 18:45:22 - DownloadFile - Downloading http://wallpaperswide.com/download/oak_tree_3-wallpaper-3840x2160.jpg ...
28-Aug-2019 18:45:25 - DownloadFile - Downloading http://wallpaperswide.com/download/japanese_cherry_blossom-wallpaper-3840x2160.jpg ...
28-Aug-2019 18:45:27 - DownloadFile - Downloading http://wallpaperswide.com/download/springtime_tulips_flowers-wallpaper-3840x2160.jpg ...
28-Aug-2019 18:45:28 - DownloadFile - Downloading http://wallpaperswide.com/download/autumn_symetric_drone_shot-wallpaper-3840x2160.jpg ...
28-Aug-2019 18:45:32 - DownloadFile - Downloading http://wallpaperswide.com/download/misty_forest_road_autumn-wallpaper-3840x2160.jpg ...
28-Aug-2019 18:45:34 - DownloadFile - Downloading http://wallpaperswide.com/download/japanese_cherry_blossom_blue_sky_springtime-wallpaper-3840x2160.jpg ...
28-Aug-2019 18:45:35 - DownloadFile - Downloading http://wallpaperswide.com/download/armenia_syunik_vachagan_hayk-wallpaper-3840x2160.jpg ...
28-Aug-2019 18:45:46 - Start - Processing Page 4 of 359
28-Aug-2019 18:45:46 - Start - Master URL: http://wallpaperswide.com/seasons-desktop-wallpapers.html/4
28-Aug-2019 18:45:47 - DownloadFile - Downloading http://wallpaperswide.com/download/spring_cherry_blossom_in_a_glass_bottle-wallpaper-3840x2160.jpg ...
28-Aug-2019 18:45:48 - DownloadFile - Downloading http://wallpaperswide.com/download/oak_tree_3-wallpaper-3840x2160.jpg ...
28-Aug-2019 18:45:51 - DownloadFile - Downloading http://wallpaperswide.com/download/japanese_cherry_blossom-wallpaper-3840x2160.jpg ...
28-Aug-2019 18:45:53 - DownloadFile - Downloading http://wallpaperswide.com/download/springtime_tulips_flowers-wallpaper-3840x2160.jpg ...
28-Aug-2019 18:45:54 - DownloadFile - Downloading http://wallpaperswide.com/download/autumn_symetric_drone_shot-wallpaper-3840x2160.jpg ...
28-Aug-2019 18:45:58 - DownloadFile - Downloading http://wallpaperswide.com/download/misty_forest_road_autumn-wallpaper-3840x2160.jpg ...
28-Aug-2019 18:46:00 - DownloadFile - Downloading http://wallpaperswide.com/download/japanese_cherry_blossom_blue_sky_springtime-wallpaper-3840x2160.jpg ...
28-Aug-2019 18:46:01 - DownloadFile - Downloading http://wallpaperswide.com/download/armenia_syunik_vachagan_hayk-wallpaper-3840x2160.jpg ...
28-Aug-2019 18:46:10 - Start - Processing Page 5 of 359
28-Aug-2019 18:46:10 - Start - Master URL: http://wallpaperswide.com/seasons-desktop-wallpapers.html/5
28-Aug-2019 18:46:11 - DownloadFile - Downloading http://wallpaperswide.com/download/spring_cherry_blossom_in_a_glass_bottle-wallpaper-3840x2160.jpg ...
28-Aug-2019 18:46:12 - DownloadFile - Downloading http://wallpaperswide.com/download/oak_tree_3-wallpaper-3840x2160.jpg ...
28-Aug-2019 18:46:14 - DownloadFile - Downloading http://wallpaperswide.com/download/japanese_cherry_blossom-wallpaper-3840x2160.jpg ...
28-Aug-2019 18:46:16 - DownloadFile - Downloading http://wallpaperswide.com/download/springtime_tulips_flowers-wallpaper-3840x2160.jpg ...
28-Aug-2019 18:46:18 - DownloadFile - Downloading http://wallpaperswide.com/download/autumn_symetric_drone_shot-wallpaper-3840x2160.jpg ...
28-Aug-2019 18:46:22 - DownloadFile - Downloading http://wallpaperswide.com/download/misty_forest_road_autumn-wallpaper-3840x2160.jpg ...
28-Aug-2019 18:46:24 - DownloadFile - Downloading http://wallpaperswide.com/download/japanese_cherry_blossom_blue_sky_springtime-wallpaper-3840x2160.jpg ...
28-Aug-2019 18:46:26 - DownloadFile - Downloading http://wallpaperswide.com/download/armenia_syunik_vachagan_hayk-wallpaper-3840x2160.jpg ...
28-Aug-2019 18:46:35 - Start - Processing Page 6 of 359
28-Aug-2019 18:46:35 - Start - Master URL: http://wallpaperswide.com/seasons-desktop-wallpapers.html/6
28-Aug-2019 18:46:36 - DownloadFile - Downloading http://wallpaperswide.com/download/spring_cherry_blossom_in_a_glass_bottle-wallpaper-3840x2160.jpg ...
28-Aug-2019 18:46:37 - DownloadFile - Downloading http://wallpaperswide.com/download/oak_tree_3-wallpaper-3840x2160.jpg ...
28-Aug-2019 18:46:39 - DownloadFile - Downloading http://wallpaperswide.com/download/japanese_cherry_blossom-wallpaper-3840x2160.jpg ...
28-Aug-2019 18:46:41 - DownloadFile - Downloading http://wallpaperswide.com/download/springtime_tulips_flowers-wallpaper-3840x2160.jpg ...
28-Aug-2019 18:46:42 - DownloadFile - Downloading http://wallpaperswide.com/download/autumn_symetric_drone_shot-wallpaper-3840x2160.jpg ...
28-Aug-2019 18:46:47 - DownloadFile - Downloading http://wallpaperswide.com/download/misty_forest_road_autumn-wallpaper-3840x2160.jpg ...
*******************************************************************************************
~=~=~=~=~=~=~=~=~=~=~=~=~=~=~=~=~=~=~=~=~=~=~=~=~=~=~=~=~=~=~=~=~=~=~=~=~=~=~=~=~=~=~=~=~=~
|
| Walppaperwide - Auto Downloaded
|
~=~=~=~=~=~=~=~=~=~=~=~=~=~=~=~=~=~=~=~=~=~=~=~=~=~=~=~=~=~=~=~=~=~=~=~=~=~=~=~=~=~=~=~=~=~
*******************************************************************************************
28-Aug-2019 18:48:56 - Start - Processing Page 1
28-Aug-2019 18:48:56 - Start - Master URL: http://wallpaperswide.com/seasons-desktop-wallpapers.html/page/
28-Aug-2019 18:48:57 - DownloadFile - Downloading http://wallpaperswide.com/download/spring_cherry_blossom_in_a_glass_bottle-wallpaper-3840x2160.jpg ...
28-Aug-2019 18:48:58 - DownloadFile - Downloading http://wallpaperswide.com/download/oak_tree_3-wallpaper-3840x2160.jpg ...
28-Aug-2019 18:49:00 - DownloadFile - Downloading http://wallpaperswide.com/download/japanese_cherry_blossom-wallpaper-3840x2160.jpg ...
28-Aug-2019 18:49:02 - DownloadFile - Downloading http://wallpaperswide.com/download/springtime_tulips_flowers-wallpaper-3840x2160.jpg ...
28-Aug-2019 18:49:03 - DownloadFile - Downloading http://wallpaperswide.com/download/autumn_symetric_drone_shot-wallpaper-3840x2160.jpg ...
28-Aug-2019 18:49:06 - DownloadFile - Downloading http://wallpaperswide.com/download/misty_forest_road_autumn-wallpaper-3840x2160.jpg ...
28-Aug-2019 18:49:08 - DownloadFile - Downloading http://wallpaperswide.com/download/japanese_cherry_blossom_blue_sky_springtime-wallpaper-3840x2160.jpg ...
28-Aug-2019 18:49:09 - DownloadFile - Downloading http://wallpaperswide.com/download/armenia_syunik_vachagan_hayk-wallpaper-3840x2160.jpg ...
28-Aug-2019 18:49:11 - Start - Processing Page 2 of 359
28-Aug-2019 18:49:11 - Start - Master URL: http://wallpaperswide.com/seasons-desktop-wallpapers.html/page/2
28-Aug-2019 18:49:13 - DownloadFile - Downloading http://wallpaperswide.com/download/autumn_winter-wallpaper-3840x2160.jpg ...
28-Aug-2019 18:49:17 - DownloadFile - Downloading http://wallpaperswide.com/download/cherry_blossoms_vase_background-wallpaper-3840x2160.jpg ...
28-Aug-2019 18:49:22 - DownloadFile - Downloading http://wallpaperswide.com/download/frozen_forest-wallpaper-3840x2160.jpg ...
28-Aug-2019 18:49:28 - DownloadFile - Downloading http://wallpaperswide.com/download/blooming_tree_spring_fresh_green_background-wallpaper-3840x2160.jpg ...
28-Aug-2019 18:49:31 - DownloadFile - Downloading http://wallpaperswide.com/download/yellow_daffodils_flowers_outdoors_spring-wallpaper-3840x2160.jpg ...
28-Aug-2019 18:49:34 - DownloadFile - Downloading http://wallpaperswide.com/download/japanese_cherry_blossoms_macro-wallpaper-3840x2160.jpg ...
28-Aug-2019 18:49:37 - DownloadFile - Downloading http://wallpaperswide.com/download/yellow_daffodils_flowers_near_window-wallpaper-3840x2160.jpg ...
28-Aug-2019 18:49:41 - DownloadFile - Downloading http://wallpaperswide.com/download/most_beautiful_winter-wallpaper-3840x2160.jpg ...
28-Aug-2019 18:49:44 - DownloadFile - Downloading http://wallpaperswide.com/download/spring_flowers_background-wallpaper-3840x2160.jpg ...
28-Aug-2019 18:49:58 - Start - Processing Page 3 of 359
28-Aug-2019 18:49:58 - Start - Master URL: http://wallpaperswide.com/seasons-desktop-wallpapers.html/page/3
28-Aug-2019 18:50:00 - DownloadFile - Downloading http://wallpaperswide.com/download/beautiful_japanese_cherry_blossom-wallpaper-3840x2160.jpg ...
28-Aug-2019 18:50:04 - DownloadFile - Downloading http://wallpaperswide.com/download/drone_photography_winter_snow_forest_landscape-wallpaper-3840x2160.jpg ...
28-Aug-2019 18:50:08 - DownloadFile - Downloading http://wallpaperswide.com/download/running_into_water-wallpaper-3840x2160.jpg ...
28-Aug-2019 18:50:12 - DownloadFile - Downloading http://wallpaperswide.com/download/forsythia_flowers_spring-wallpaper-3840x2160.jpg ...
28-Aug-2019 18:50:15 - DownloadFile - Downloading http://wallpaperswide.com/download/picturesque_scenes_tree_tunnel_fall-wallpaper-3840x2160.jpg ...
28-Aug-2019 18:50:18 - DownloadFile - Downloading http://wallpaperswide.com/download/winter_clothes-wallpaper-3840x2160.jpg ...
28-Aug-2019 18:50:26 - DownloadFile - Downloading http://wallpaperswide.com/download/winding_road_mountain_giau_pass_italy_winter_snow-wallpaper-3840x2160.jpg ...
28-Aug-2019 18:50:35 - Start - Processing Page 4 of 359
28-Aug-2019 18:50:35 - Start - Master URL: http://wallpaperswide.com/seasons-desktop-wallpapers.html/page/4
28-Aug-2019 18:50:39 - DownloadFile - Downloading http://wallpaperswide.com/download/winding_road_winter_snowy_trees_aerial_view-wallpaper-3840x2160.jpg ...
28-Aug-2019 18:50:48 - DownloadFile - Downloading http://wallpaperswide.com/download/beautiful_yellow_daffodils_flowers_spring-wallpaper-3840x2160.jpg ...
28-Aug-2019 18:50:57 - DownloadFile - Downloading http://wallpaperswide.com/download/road_curve_snowy_forest_trees_winter-wallpaper-3840x2160.jpg ...
28-Aug-2019 18:51:06 - Start - Processing Page 5 of 359
28-Aug-2019 18:51:06 - Start - Master URL: http://wallpaperswide.com/seasons-desktop-wallpapers.html/page/5
28-Aug-2019 18:51:10 - DownloadFile - Downloading http://wallpaperswide.com/download/spring_background-wallpaper-3840x2160.jpg ...
28-Aug-2019 18:51:14 - DownloadFile - Downloading http://wallpaperswide.com/download/spring_flowers-wallpaper-3840x2160.jpg ...
28-Aug-2019 18:51:17 - DownloadFile - Downloading http://wallpaperswide.com/download/spring_mood-wallpaper-3840x2160.jpg ...
28-Aug-2019 18:51:21 - DownloadFile - Downloading http://wallpaperswide.com/download/fresh_cut_spring_tulips_flowers-wallpaper-3840x2160.jpg ...
28-Aug-2019 18:51:25 - DownloadFile - Downloading http://wallpaperswide.com/download/heart_cave_adventure-wallpaper-3840x2160.jpg ...
28-Aug-2019 18:51:32 - DownloadFile - Downloading http://wallpaperswide.com/download/easter_daffodils_in_a_vase_spring-wallpaper-3840x2160.jpg ...
28-Aug-2019 18:51:51 - Start - Processing Page 6 of 359
28-Aug-2019 18:51:51 - Start - Master URL: http://wallpaperswide.com/seasons-desktop-wallpapers.html/page/6
28-Aug-2019 18:51:52 - DownloadFile - Downloading http://wallpaperswide.com/download/winter_christmas-wallpaper-3840x2160.jpg ...
28-Aug-2019 18:52:13 - DownloadFile - Downloading http://wallpaperswide.com/download/romantic_spring_2-wallpaper-3840x2160.jpg ...
28-Aug-2019 18:52:20 - DownloadFile - Downloading http://wallpaperswide.com/download/armenia_yerevan_hayk_b_2-wallpaper-3840x2160.jpg ...
28-Aug-2019 18:52:26 - DownloadFile - Downloading http://wallpaperswide.com/download/winter_snowfall-wallpaper-3840x2160.jpg ...
28-Aug-2019 18:52:30 - DownloadFile - Downloading http://wallpaperswide.com/download/peony-wallpaper-3840x2160.jpg ...
28-Aug-2019 18:52:36 - DownloadFile - Downloading http://wallpaperswide.com/download/snowdrops-wallpaper-3840x2160.jpg ...
28-Aug-2019 18:52:48 - Start - Processing Page 7 of 359
28-Aug-2019 18:52:48 - Start - Master URL: http://wallpaperswide.com/seasons-desktop-wallpapers.html/page/7
28-Aug-2019 18:52:49 - DownloadFile - Downloading http://wallpaperswide.com/download/mountain_retreat_winter-wallpaper-3840x2160.jpg ...
28-Aug-2019 18:52:52 - DownloadFile - Downloading http://wallpaperswide.com/download/misty_forest_track_beautiful_autumn-wallpaper-3840x2160.jpg ...
28-Aug-2019 18:52:55 - DownloadFile - Downloading http://wallpaperswide.com/download/save_my_love_for_loneliness-wallpaper-3840x2160.jpg ...
28-Aug-2019 18:52:57 - DownloadFile - Downloading http://wallpaperswide.com/download/winter_night_3-wallpaper-3840x2160.jpg ...
28-Aug-2019 18:53:00 - DownloadFile - Downloading http://wallpaperswide.com/download/most_beautiful_spring_landscapes_on_earth-wallpaper-3840x2160.jpg ...
28-Aug-2019 18:53:05 - DownloadFile - Downloading http://wallpaperswide.com/download/sunny_day_2-wallpaper-3840x2160.jpg ...
28-Aug-2019 18:53:07 - DownloadFile - Downloading http://wallpaperswide.com/download/transition-wallpaper-3840x2160.jpg ...
28-Aug-2019 18:53:11 - DownloadFile - Downloading http://wallpaperswide.com/download/winter_road_2-wallpaper-3840x2160.jpg ...
28-Aug-2019 18:53:19 - Start - Processing Page 8 of 359
28-Aug-2019 18:53:19 - Start - Master URL: http://wallpaperswide.com/seasons-desktop-wallpapers.html/page/8
28-Aug-2019 18:53:21 - DownloadFile - Downloading http://wallpaperswide.com/download/cherry_blossom_tunnel-wallpaper-3840x2160.jpg ...
28-Aug-2019 18:53:27 - DownloadFile - Downloading http://wallpaperswide.com/download/exotic_island-wallpaper-3840x2160.jpg ...
28-Aug-2019 18:53:29 - DownloadFile - Downloading http://wallpaperswide.com/download/armenia_yerevan_railway_park-wallpaper-3840x2160.jpg ...
28-Aug-2019 18:53:34 - DownloadFile - Downloading http://wallpaperswide.com/download/raining_petals-wallpaper-3840x2160.jpg ...
28-Aug-2019 18:53:35 - DownloadFile - Downloading http://wallpaperswide.com/download/beautiful_autumn_landscape_6-wallpaper-3840x2160.jpg ...
28-Aug-2019 18:53:40 - DownloadFile - Downloading http://wallpaperswide.com/download/into_the_forest_winter-wallpaper-3840x2160.jpg ...
28-Aug-2019 18:53:45 - DownloadFile - Downloading http://wallpaperswide.com/download/autumn_tree_tunnel-wallpaper-3840x2160.jpg ...
28-Aug-2019 18:53:50 - DownloadFile - Downloading http://wallpaperswide.com/download/athabasca_falls_canyon_jasper_national_park_canadian_rockies_alberta_canada-wallpaper-3840x2160.jpg ...
28-Aug-2019 18:53:58 - Start - Processing Page 9 of 359
28-Aug-2019 18:53:58 - Start - Master URL: http://wallpaperswide.com/seasons-desktop-wallpapers.html/page/9
28-Aug-2019 18:53:59 - DownloadFile - Downloading http://wallpaperswide.com/download/beautiful_autumn_colors_forest_path_sunny_day-wallpaper-3840x2160.jpg ...
28-Aug-2019 18:54:06 - DownloadFile - Downloading http://wallpaperswide.com/download/armenia_yerevan_9-wallpaper-3840x2160.jpg ...
28-Aug-2019 18:54:12 - DownloadFile - Downloading http://wallpaperswide.com/download/sunlight_through_tree-wallpaper-3840x2160.jpg ...
28-Aug-2019 18:54:16 - DownloadFile - Downloading http://wallpaperswide.com/download/rustic_cottage_lake_mountain_winter_snow-wallpaper-3840x2160.jpg ...
28-Aug-2019 18:54:22 - DownloadFile - Downloading http://wallpaperswide.com/download/country_road_late_summer-wallpaper-3840x2160.jpg ...
28-Aug-2019 18:54:32 - Start - Processing Page 10 of 359
28-Aug-2019 18:54:32 - Start - Master URL: http://wallpaperswide.com/seasons-desktop-wallpapers.html/page/10
28-Aug-2019 18:54:35 - DownloadFile - Downloading http://wallpaperswide.com/download/misty_winter_afternoon-wallpaper-3840x2160.jpg ...
28-Aug-2019 18:54:39 - DownloadFile - Downloading http://wallpaperswide.com/download/foggy_colors-wallpaper-3840x2160.jpg ...
28-Aug-2019 18:54:41 - DownloadFile - Downloading http://wallpaperswide.com/download/first_snow_11-wallpaper-3840x2160.jpg ...
28-Aug-2019 18:54:44 - DownloadFile - Downloading http://wallpaperswide.com/download/beautiful_colored_trees-wallpaper-3840x2160.jpg ...
28-Aug-2019 18:54:49 - DownloadFile - Downloading http://wallpaperswide.com/download/let_it_snow_background-wallpaper-3840x2160.jpg ...
28-Aug-2019 18:54:50 - DownloadFile - Downloading http://wallpaperswide.com/download/most_beautiful_sunsets_in_the_world-wallpaper-3840x2160.jpg ...
28-Aug-2019 18:54:56 - DownloadFile - Downloading http://wallpaperswide.com/download/beautiful_spring_garden-wallpaper-3840x2160.jpg ...
28-Aug-2019 18:55:03 - DownloadFile - Downloading http://wallpaperswide.com/download/blossom_tree_branch_spring-wallpaper-3840x2160.jpg ...
28-Aug-2019 18:55:11 - Start - Processing Page 11 of 359
28-Aug-2019 18:55:11 - Start - Master URL: http://wallpaperswide.com/seasons-desktop-wallpapers.html/page/11
28-Aug-2019 18:55:15 - DownloadFile - Downloading http://wallpaperswide.com/download/spring_landscape_nature_9-wallpaper-3840x2160.jpg ...
28-Aug-2019 18:55:19 - DownloadFile - Downloading http://wallpaperswide.com/download/wolf_winter-wallpaper-3840x2160.jpg ...
28-Aug-2019 18:55:21 - DownloadFile - Downloading http://wallpaperswide.com/download/late_autumn-wallpaper-3840x2160.jpg ...
28-Aug-2019 18:55:27 - DownloadFile - Downloading http://wallpaperswide.com/download/summertime_fun-wallpaper-3840x2160.jpg ...
28-Aug-2019 18:55:45 - Start - Processing Page 12 of 359
28-Aug-2019 18:55:45 - Start - Master URL: http://wallpaperswide.com/seasons-desktop-wallpapers.html/page/12
28-Aug-2019 18:55:47 - DownloadFile - Downloading http://wallpaperswide.com/download/crocuses_croci_flowers_meadow_spring-wallpaper-3840x2160.jpg ...
28-Aug-2019 18:55:50 - DownloadFile - Downloading http://wallpaperswide.com/download/a_sunny_days_end-wallpaper-3840x2160.jpg ...
28-Aug-2019 18:55:53 - DownloadFile - Downloading http://wallpaperswide.com/download/armenia_gyumri_12-wallpaper-3840x2160.jpg ...
28-Aug-2019 18:56:02 - DownloadFile - Downloading http://wallpaperswide.com/download/enchanted_forest_background-wallpaper-3840x2160.jpg ...
28-Aug-2019 18:56:15 - Start - Processing Page 13 of 359
28-Aug-2019 18:56:15 - Start - Master URL: http://wallpaperswide.com/seasons-desktop-wallpapers.html/page/13
28-Aug-2019 18:56:18 - DownloadFile - Downloading http://wallpaperswide.com/download/beautiful_autumn_landscapes_of_the_world-wallpaper-3840x2160.jpg ...
28-Aug-2019 18:56:23 - DownloadFile - Downloading http://wallpaperswide.com/download/happy_spring-wallpaper-3840x2160.jpg ...
28-Aug-2019 18:56:29 - DownloadFile - Downloading http://wallpaperswide.com/download/mountain_woods_cabin_log-wallpaper-3840x2160.jpg ...
28-Aug-2019 18:56:34 - DownloadFile - Downloading http://wallpaperswide.com/download/red_foliage_fall-wallpaper-3840x2160.jpg ...
28-Aug-2019 18:56:37 - DownloadFile - Downloading http://wallpaperswide.com/download/armenia_teghut_2-wallpaper-3840x2160.jpg ...
28-Aug-2019 18:56:52 - Start - Processing Page 14 of 359
28-Aug-2019 18:56:52 - Start - Master URL: http://wallpaperswide.com/seasons-desktop-wallpapers.html/page/14
28-Aug-2019 18:56:53 - DownloadFile - Downloading http://wallpaperswide.com/download/beautiful_autumn_cover_photo-wallpaper-3840x2160.jpg ...
28-Aug-2019 18:56:59 - DownloadFile - Downloading http://wallpaperswide.com/download/italian_hills_landscape-wallpaper-3840x2160.jpg ...
28-Aug-2019 18:57:07 - DownloadFile - Downloading http://wallpaperswide.com/download/golden_fall-wallpaper-3840x2160.jpg ...
28-Aug-2019 18:57:16 - DownloadFile - Downloading http://wallpaperswide.com/download/clear_sea_water_beach_hat_and_sunglasses_palm_trees-wallpaper-3840x2160.jpg ...
28-Aug-2019 18:57:26 - DownloadFile - Downloading http://wallpaperswide.com/download/washington_dc_cherry_blossom-wallpaper-3840x2160.jpg ...
28-Aug-2019 18:57:31 - DownloadFile - Downloading http://wallpaperswide.com/download/autumn_yellow_trees_reflection_palmer_lake-wallpaper-3840x2160.jpg ...
28-Aug-2019 18:57:44 - Start - Processing Page 15 of 359
28-Aug-2019 18:57:44 - Start - Master URL: http://wallpaperswide.com/seasons-desktop-wallpapers.html/page/15
28-Aug-2019 18:57:46 - DownloadFile - Downloading http://wallpaperswide.com/download/mountain_ski_slope-wallpaper-3840x2160.jpg ...
28-Aug-2019 18:57:50 - DownloadFile - Downloading http://wallpaperswide.com/download/mountain_resort_winter-wallpaper-3840x2160.jpg ...
28-Aug-2019 18:57:53 - DownloadFile - Downloading http://wallpaperswide.com/download/tree_lined_road-wallpaper-3840x2160.jpg ...
28-Aug-2019 18:57:55 - DownloadFile - Downloading http://wallpaperswide.com/download/armenia_gyumri_28-wallpaper-3840x2160.jpg ...
28-Aug-2019 18:58:00 - DownloadFile - Downloading http://wallpaperswide.com/download/beautiful_spring_landscape-wallpaper-3840x2160.jpg ...
28-Aug-2019 18:58:03 - DownloadFile - Downloading http://wallpaperswide.com/download/take_a_seat-wallpaper-3840x2160.jpg ...
28-Aug-2019 18:58:04 - DownloadFile - Downloading http://wallpaperswide.com/download/spring_15-wallpaper-3840x2160.jpg ...
28-Aug-2019 18:58:15 - Start - Processing Page 16 of 359
28-Aug-2019 18:58:15 - Start - Master URL: http://wallpaperswide.com/seasons-desktop-wallpapers.html/page/16
28-Aug-2019 18:58:17 - DownloadFile - Downloading http://wallpaperswide.com/download/armenia_gyumri_29-wallpaper-3840x2160.jpg ...
28-Aug-2019 18:58:23 - DownloadFile - Downloading http://wallpaperswide.com/download/autumn_japan_4-wallpaper-3840x2160.jpg ...
28-Aug-2019 18:58:32 - DownloadFile - Downloading http://wallpaperswide.com/download/snowy_cabin_mountains_winter-wallpaper-3840x2160.jpg ...
28-Aug-2019 18:58:42 - DownloadFile - Downloading http://wallpaperswide.com/download/scotland_highlands_winter_landscape-wallpaper-3840x2160.jpg ...
28-Aug-2019 18:58:46 - DownloadFile - Downloading http://wallpaperswide.com/download/curvy_road-wallpaper-3840x2160.jpg ...
28-Aug-2019 18:58:49 - DownloadFile - Downloading http://wallpaperswide.com/download/forest_in_the_spring-wallpaper-3840x2160.jpg ...
28-Aug-2019 18:58:53 - DownloadFile - Downloading http://wallpaperswide.com/download/idyllic_landscape_winter-wallpaper-3840x2160.jpg ...
28-Aug-2019 18:58:58 - DownloadFile - Downloading http://wallpaperswide.com/download/blossom_3-wallpaper-3840x2160.jpg ...
28-Aug-2019 18:59:06 - Start - Processing Page 17 of 359
28-Aug-2019 18:59:06 - Start - Master URL: http://wallpaperswide.com/seasons-desktop-wallpapers.html/page/17
28-Aug-2019 18:59:10 - DownloadFile - Downloading http://wallpaperswide.com/download/autumn_in_germany-wallpaper-3840x2160.jpg ...
28-Aug-2019 18:59:17 - DownloadFile - Downloading http://wallpaperswide.com/download/winter_evening_light-wallpaper-3840x2160.jpg ...
28-Aug-2019 18:59:21 - DownloadFile - Downloading http://wallpaperswide.com/download/autumn_mist_path-wallpaper-3840x2160.jpg ...
28-Aug-2019 18:59:25 - DownloadFile - Downloading http://wallpaperswide.com/download/lonely_leaf-wallpaper-3840x2160.jpg ...
28-Aug-2019 18:59:28 - DownloadFile - Downloading http://wallpaperswide.com/download/beautiful_spring_landscape_scotland-wallpaper-3840x2160.jpg ...
28-Aug-2019 18:59:37 - Start - Processing Page 18 of 359
28-Aug-2019 18:59:37 - Start - Master URL: http://wallpaperswide.com/seasons-desktop-wallpapers.html/page/18
28-Aug-2019 18:59:40 - DownloadFile - Downloading http://wallpaperswide.com/download/fall_foliage_3-wallpaper-3840x2160.jpg ...
28-Aug-2019 18:59:47 - DownloadFile - Downloading http://wallpaperswide.com/download/spring_mountain_landscape-wallpaper-3840x2160.jpg ...
28-Aug-2019 18:59:50 - DownloadFile - Downloading http://wallpaperswide.com/download/spring_landscape-wallpaper-3840x2160.jpg ...
28-Aug-2019 18:59:56 - DownloadFile - Downloading http://wallpaperswide.com/download/winter_in_the_city-wallpaper-3840x2160.jpg ...
28-Aug-2019 19:00:06 - DownloadFile - Downloading http://wallpaperswide.com/download/foggy_afternoon-wallpaper-3840x2160.jpg ...
28-Aug-2019 19:00:17 - Start - Processing Page 19 of 359
28-Aug-2019 19:00:17 - Start - Master URL: http://wallpaperswide.com/seasons-desktop-wallpapers.html/page/19
28-Aug-2019 19:00:25 - DownloadFile - Downloading http://wallpaperswide.com/download/summer_sky-wallpaper-3840x2160.jpg ...
28-Aug-2019 19:00:31 - DownloadFile - Downloading http://wallpaperswide.com/download/palm_trees_2-wallpaper-3840x2160.jpg ...
28-Aug-2019 19:00:40 - DownloadFile - Downloading http://wallpaperswide.com/download/daydreaming_2-wallpaper-3840x2160.jpg ...
28-Aug-2019 19:00:52 - Start - Processing Page 20 of 359
28-Aug-2019 19:00:52 - Start - Master URL: http://wallpaperswide.com/seasons-desktop-wallpapers.html/page/20
28-Aug-2019 19:00:54 - DownloadFile - Downloading http://wallpaperswide.com/download/woodland_spring_flowers-wallpaper-3840x2160.jpg ...
28-Aug-2019 19:00:58 - DownloadFile - Downloading http://wallpaperswide.com/download/deep_winter_forest-wallpaper-3840x2160.jpg ...
28-Aug-2019 19:01:02 - DownloadFile - Downloading http://wallpaperswide.com/download/white_sand_beach_2-wallpaper-3840x2160.jpg ...
28-Aug-2019 19:01:05 - DownloadFile - Downloading http://wallpaperswide.com/download/green_wheat_field_and_poppies-wallpaper-3840x2160.jpg ...
28-Aug-2019 19:01:08 - DownloadFile - Downloading http://wallpaperswide.com/download/misty_autumn-wallpaper-3840x2160.jpg ...
28-Aug-2019 19:01:13 - DownloadFile - Downloading http://wallpaperswide.com/download/forget_me_nots_2-wallpaper-3840x2160.jpg ...
28-Aug-2019 19:01:19 - DownloadFile - Downloading http://wallpaperswide.com/download/spring_pear_tree-wallpaper-3840x2160.jpg ...
28-Aug-2019 19:01:30 - Start - Processing Page 21 of 359
28-Aug-2019 19:01:30 - Start - Master URL: http://wallpaperswide.com/seasons-desktop-wallpapers.html/page/21
28-Aug-2019 19:01:35 - DownloadFile - Downloading http://wallpaperswide.com/download/winter_night_in_pregrada-wallpaper-3840x2160.jpg ...
28-Aug-2019 19:01:38 - DownloadFile - Downloading http://wallpaperswide.com/download/danbo_is_scared_by_so_much_snow-wallpaper-3840x2160.jpg ...
28-Aug-2019 19:01:44 - DownloadFile - Downloading http://wallpaperswide.com/download/cumulus_clouds_above_the_sea-wallpaper-3840x2160.jpg ...
28-Aug-2019 19:01:48 - DownloadFile - Downloading http://wallpaperswide.com/download/tropical_beach_hammock-wallpaper-3840x2160.jpg ...
28-Aug-2019 19:01:51 - DownloadFile - Downloading http://wallpaperswide.com/download/wide_alley-wallpaper-3840x2160.jpg ...
28-Aug-2019 19:01:57 - DownloadFile - Downloading http://wallpaperswide.com/download/tropical_bungalows-wallpaper-3840x2160.jpg ...
28-Aug-2019 19:02:09 - Start - Processing Page 22 of 359
28-Aug-2019 19:02:09 - Start - Master URL: http://wallpaperswide.com/seasons-desktop-wallpapers.html/page/22
28-Aug-2019 19:02:13 - DownloadFile - Downloading http://wallpaperswide.com/download/ocean_waves_5-wallpaper-3840x2160.jpg ...
28-Aug-2019 19:02:20 - DownloadFile - Downloading http://wallpaperswide.com/download/lake_forest_autumn-wallpaper-3840x2160.jpg ...
28-Aug-2019 19:02:27 - DownloadFile - Downloading http://wallpaperswide.com/download/osaka_castle_spring-wallpaper-3840x2160.jpg ...
28-Aug-2019 19:02:30 - DownloadFile - Downloading http://wallpaperswide.com/download/tunnel_of_love-wallpaper-3840x2160.jpg ...
28-Aug-2019 19:02:37 - DownloadFile - Downloading http://wallpaperswide.com/download/mushrooms_green_grass-wallpaper-3840x2160.jpg ...
28-Aug-2019 19:02:44 - Start - Processing Page 23 of 359
28-Aug-2019 19:02:44 - Start - Master URL: http://wallpaperswide.com/seasons-desktop-wallpapers.html/page/23
28-Aug-2019 19:02:47 - DownloadFile - Downloading http://wallpaperswide.com/download/park_alley_springtime-wallpaper-3840x2160.jpg ...
28-Aug-2019 19:02:59 - DownloadFile - Downloading http://wallpaperswide.com/download/blizzard_traces-wallpaper-3840x2160.jpg ...
28-Aug-2019 19:03:02 - DownloadFile - Downloading http://wallpaperswide.com/download/a_worms_eye_view_of_spring-wallpaper-3840x2160.jpg ...
28-Aug-2019 19:03:15 - Start - Processing Page 24 of 359
28-Aug-2019 19:03:15 - Start - Master URL: http://wallpaperswide.com/seasons-desktop-wallpapers.html/page/24
28-Aug-2019 19:03:17 - DownloadFile - Downloading http://wallpaperswide.com/download/beach_bungalows-wallpaper-3840x2160.jpg ...
28-Aug-2019 19:03:21 - DownloadFile - Downloading http://wallpaperswide.com/download/les_flocons-wallpaper-3840x2160.jpg ...
28-Aug-2019 19:03:24 - DownloadFile - Downloading http://wallpaperswide.com/download/snowy_road_winter-wallpaper-3840x2160.jpg ...
28-Aug-2019 19:03:30 - DownloadFile - Downloading http://wallpaperswide.com/download/winter_season_mountains-wallpaper-3840x2160.jpg ...
28-Aug-2019 19:03:39 - DownloadFile - Downloading http://wallpaperswide.com/download/summer_holiday-wallpaper-3840x2160.jpg ...
28-Aug-2019 19:03:43 - DownloadFile - Downloading http://wallpaperswide.com/download/armenia_gyumri_17-wallpaper-3840x2160.jpg ...
28-Aug-2019 19:03:55 - Start - Processing Page 25 of 359
28-Aug-2019 19:03:55 - Start - Master URL: http://wallpaperswide.com/seasons-desktop-wallpapers.html/page/25
28-Aug-2019 19:03:58 - DownloadFile - Downloading http://wallpaperswide.com/download/take_a_seat_and_enjoy_autumn-wallpaper-3840x2160.jpg ...
28-Aug-2019 19:04:04 - DownloadFile - Downloading http://wallpaperswide.com/download/park_landscape-wallpaper-3840x2160.jpg ...
28-Aug-2019 19:04:09 - DownloadFile - Downloading http://wallpaperswide.com/download/forest_42-wallpaper-3840x2160.jpg ...
28-Aug-2019 19:04:14 - DownloadFile - Downloading http://wallpaperswide.com/download/park_pathway_spring-wallpaper-3840x2160.jpg ...
28-Aug-2019 19:04:23 - DownloadFile - Downloading http://wallpaperswide.com/download/colorful_dreams-wallpaper-3840x2160.jpg ...
28-Aug-2019 19:04:35 - Start - Processing Page 26 of 359
28-Aug-2019 19:04:36 - Start - Master URL: http://wallpaperswide.com/seasons-desktop-wallpapers.html/page/26
28-Aug-2019 19:04:36 - DownloadFile - Downloading http://wallpaperswide.com/download/japanese_cherry_trees_in_bloom-wallpaper-3840x2160.jpg ...
28-Aug-2019 19:04:42 - DownloadFile - Downloading http://wallpaperswide.com/download/autumn_31-wallpaper-3840x2160.jpg ...
28-Aug-2019 19:04:45 - DownloadFile - Downloading http://wallpaperswide.com/download/green_tree_spring-wallpaper-3840x2160.jpg ...
28-Aug-2019 19:04:51 - DownloadFile - Downloading http://wallpaperswide.com/download/beauty_in_chaos-wallpaper-3840x2160.jpg ...
28-Aug-2019 19:04:57 - DownloadFile - Downloading http://wallpaperswide.com/download/colorful_forest_trees-wallpaper-3840x2160.jpg ...
28-Aug-2019 19:05:06 - DownloadFile - Downloading http://wallpaperswide.com/download/dreaming_of_sakura-wallpaper-3840x2160.jpg ...
28-Aug-2019 19:05:19 - Start - Processing Page 27 of 359
28-Aug-2019 19:05:19 - Start - Master URL: http://wallpaperswide.com/seasons-desktop-wallpapers.html/page/27
